<?xml version="1.0" encoding="UTF-8"?>
<!-- Generated by org.testng.reporters.JUnitReportReporter -->
<testsuite skipped="0" hostname="ShubhamJ-PC" name="test.testHuffingtonpost" tests="1" failures="0" timestamp="08 Jun 2017 05:29:41 GMT" time="27.118" errors="0">
  <testcase name="test_Home_Page_Appear_Correct" time="27.118" classname="test.testHuffingtonpost"/>
</testsuite> <!-- test.testHuffingtonpost -->
