<?xml version="1.0" encoding="UTF-8"?>
<!-- Generated by org.testng.reporters.JUnitReportReporter -->
<testsuite skipped="0" hostname="ShubhamJ-PC" name="test.Huffingtonpost_test" tests="1" failures="0" timestamp="15 Jun 2017 09:27:53 GMT" time="29.265" errors="0">
  <testcase name="test" time="29.265" classname="test.Huffingtonpost_test"/>
</testsuite> <!-- test.Huffingtonpost_test -->
